<?xml version='1.0' encoding='UTF-8'?>
<testsuite hostname="Nihar" name="argpasstests" tests="5" errors="0" failures="0" skipped="0" time="0.038" timestamp="2022-10-24T18:59:35">
          <properties>
[...]
</properties>
          <testcase classname="argpasstests" name="EX01 - refint1" time="0.024">
                      
                    </testcase><testcase classname="argpasstests" name="EX02 - refint2" time="0.0">
                      
                    </testcase><testcase classname="argpasstests" name="EX03 - refint3" time="0.0">
                      
                    </testcase><testcase classname="argpasstests" name="EX04 - refint4" time="0.0">
                      
                    </testcase><testcase classname="argpasstests" name="EX05 - refint5" time="0.014">
                      
                    </testcase>
          <system-out><![CDATA[]]></system-out>
          <system-err><![CDATA[]]></system-err>
        </testsuite>